Build started 10/10/2019 07:59:29 AM.
     1>Project "C:\Users\Administrator\Desktop\tam giác\bai19\bai19\bai19.vcxproj" on node 2 (build target(s)).
     1>InitializeBuildStatus:
         Creating "Debug\bai19.unsuccessfulbuild" because "AlwaysCreate" was specified.
       ClCompile:
         All outputs are up-to-date.
         C:\Program Files (x86)\Microsoft Visual Studio 10.0\VC\bin\CL.exe /c /ZI /nologo /W3 /WX- /Od /Oy- /D WIN32 /D _WINDOWS /D _DEBUG /D _UNICODE /D UNICODE /D _AFXDLL /Gm /EHsc /RTC1 /MDd /GS /fp:precise /Zc:wchar_t /Zc:forScope /Yu"StdAfx.h" /Fp"Debug\bai19.pch" /Fo"Debug\\" /Fd"Debug\vc100.pdb" /Gd /TP /analyze- /errorReport:prompt tamgiac.cpp
         tamgiac.cpp
       ResourceCompile:
         All outputs are up-to-date.
       ManifestResourceCompile:
         All outputs are up-to-date.
       Link:
         C:\Program Files (x86)\Microsoft Visual Studio 10.0\VC\bin\link.exe /ERRORREPORT:PROMPT /OUT:"C:\Users\Administrator\Desktop\tam giác\bai19\Debug\bai19.exe" /INCREMENTAL /NOLOGO /MANIFEST /ManifestFile:"Debug\bai19.exe.intermediate.manifest" /MANIFESTUAC:"level='asInvoker' uiAccess='false'" /DEBUG /PDB:"C:\Users\Administrator\Desktop\tam giác\bai19\Debug\bai19.pdb" /SUBSYSTEM:WINDOWS /TLBID:1 /ENTRY:"wWinMainCRTStartup" /DYNAMICBASE /NXCOMPAT /IMPLIB:"C:\Users\Administrator\Desktop\tam giác\bai19\Debug\bai19.lib" /MACHINE:X86 Debug\bai19.res
         Debug\bai19.exe.embed.manifest.res
         Debug\bai19.obj
         Debug\bai19Doc.obj
         Debug\bai19View.obj
         Debug\MainFrm.obj
         Debug\stdafx.obj
         Debug\tamgiac.obj
       Manifest:
         C:\Program Files (x86)\Microsoft SDKs\Windows\v7.0A\bin\mt.exe /nologo /verbose /out:"Debug\bai19.exe.embed.manifest" /manifest Debug\bai19.exe.intermediate.manifest "C:\Program Files (x86)\Microsoft Visual Studio 10.0\VC\Include\Manifest\dpiaware.manifest"
         All outputs are up-to-date.
       LinkEmbedManifest:
         All outputs are up-to-date.
         bai19.vcxproj -> C:\Users\Administrator\Desktop\tam giác\bai19\Debug\bai19.exe
       FinalizeBuildStatus:
         Deleting file "Debug\bai19.unsuccessfulbuild".
         Touching "Debug\bai19.lastbuildstate".
     1>Done Building Project "C:\Users\Administrator\Desktop\tam giác\bai19\bai19\bai19.vcxproj" (build target(s)).

Build succeeded.

Time Elapsed 00:00:00.48
